#
# There is insufficient memory for the Java Runtime Environment to continue.
# Native memory allocation (malloc) failed to allocate 61376 bytes for Chunk::new
# Possible reasons:
#   The system is out of physical RAM or swap space
#   The process is running with CompressedOops enabled, and the Java Heap may be blocking the growth of the native heap
# Possible solutions:
#   Reduce memory load on the system
#   Increase physical memory or swap space
#   Check if swap backing store is full
#   Decrease Java heap size (-Xmx/-Xms)
#   Decrease number of Java threads
#   Decrease Java thread stack sizes (-Xss)
#   Set larger code cache with -XX:ReservedCodeCacheSize=
#   JVM is running with Unscaled Compressed Oops mode in which the Java heap is
#     placed in the first 4GB address space. The Java Heap base address is the
#     maximum limit for the native heap growth. Please use -XX:HeapBaseMinAddress
#     to set the Java Heap base and to place the Java Heap above 4GB virtual address.
# This output file may be truncated or incomplete.
#
#  Out of Memory Error (arena.cpp:189), pid=9168, tid=7472
#
# JRE version: OpenJDK Runtime Environment (17.0.6) (build 17.0.6+0-b2043.56-10027231)
# Java VM: OpenJDK 64-Bit Server VM (17.0.6+0-b2043.56-10027231, mixed mode, tiered, compressed oops, compressed class ptrs, g1 gc, windows-amd64)
# No core dump will be written. Minidumps are not enabled by default on client versions of Windows
#

---------------  S U M M A R Y ------------

Command Line: --add-opens=java.base/java.util=ALL-UNNAMED --add-opens=java.base/java.lang=ALL-UNNAMED --add-opens=java.base/java.lang.invoke=ALL-UNNAMED --add-opens=java.base/java.util=ALL-UNNAMED --add-opens=java.prefs/java.util.prefs=ALL-UNNAMED --add-opens=java.prefs/java.util.prefs=ALL-UNNAMED --add-opens=java.base/java.nio.charset=ALL-UNNAMED --add-opens=java.base/java.net=ALL-UNNAMED --add-opens=java.base/java.util.concurrent.atomic=ALL-UNNAMED -Xmx2048m -Dfile.encoding=UTF-8 -Duser.country=ID -Duser.language=en -Duser.variant org.gradle.launcher.daemon.bootstrap.GradleDaemon 7.5

Host: AMD Ryzen 3 3250U with Radeon Graphics         , 4 cores, 9G,  Windows 11 , 64 bit Build 22543 (10.0.22543.1000)
Time: Fri Oct 20 19:36:47 2023 SE Asia Standard Time elapsed time: 88.874450 seconds (0d 0h 1m 28s)

---------------  T H R E A D  ---------------

Current thread (0x00000252fec39320):  JavaThread "C1 CompilerThread0" daemon [_thread_in_native, id=7472, stack(0x0000007775f00000,0x0000007776000000)]


Current CompileTask:
C1:  88874 6248       3       org.objectweb.asm.ClassReader::readCode (5109 bytes)

Stack: [0x0000007775f00000,0x0000007776000000]
Native frames: (J=compiled Java code, j=interpreted, Vv=VM code, C=native code)
V  [jvm.dll+0x683c9a]
V  [jvm.dll+0x8427a4]
V  [jvm.dll+0x843f9e]
V  [jvm.dll+0x844603]
V  [jvm.dll+0x249b75]
V  [jvm.dll+0xabcac]
V  [jvm.dll+0xac27c]
V  [jvm.dll+0x17ccbf]
V  [jvm.dll+0x17b7eb]
V  [jvm.dll+0x135f83]
V  [jvm.dll+0x13587f]
V  [jvm.dll+0x135ab6]
V  [jvm.dll+0x134f4a]
V  [jvm.dll+0x136c11]
V  [jvm.dll+0x22b098]
V  [jvm.dll+0x229159]
V  [jvm.dll+0x7f81ec]
V  [jvm.dll+0x7f274a]
V  [jvm.dll+0x682ad5]
C  [ucrtbase.dll+0x293cc]
C  [KERNEL32.DLL+0x11350]
C  [ntdll.dll+0x51dc8]


---------------  P R O C E S S  ---------------

Threads class SMR info:
_java_thread_list=0x0000025280f23370, length=37, elements={
0x00000252e4d2f710, 0x00000252fe2f53c0, 0x00000252fe2f7f80, 0x00000252fe31e2a0,
0x00000252fec319b0, 0x00000252fec34380, 0x00000252fec36d40, 0x00000252fec37ad0,
0x00000252fec39320, 0x00000252feca5a80, 0x00000252feda8aa0, 0x00000252feda8f70,
0x0000025280cf3890, 0x00000252806d9bd0, 0x0000025280f6a780, 0x0000025280cb25b0,
0x0000025280bc01f0, 0x0000025280af3460, 0x00000252ff31eaf0, 0x0000025280033190,
0x0000025280033b30, 0x0000025280032320, 0x00000252800327f0, 0x0000025280030170,
0x0000025280030fe0, 0x0000025280031980, 0x0000025280030b10, 0x0000025280031e50,
0x0000025281c791f0, 0x0000025281c796c0, 0x0000025281c7c210, 0x0000025281c7b3a0,
0x0000025281c7bd40, 0x0000025281c7b870, 0x0000025281c78380, 0x0000025281c7a530,
0x0000025281c77eb0
}

Java Threads: ( => current thread )
  0x00000252e4d2f710 JavaThread "main" [_thread_blocked, id=6052, stack(0x0000007775100000,0x0000007775200000)]
  0x00000252fe2f53c0 JavaThread "Reference Handler" daemon [_thread_blocked, id=14568, stack(0x0000007775800000,0x0000007775900000)]
  0x00000252fe2f7f80 JavaThread "Finalizer" daemon [_thread_blocked, id=15464, stack(0x0000007775900000,0x0000007775a00000)]
  0x00000252fe31e2a0 JavaThread "Signal Dispatcher" daemon [_thread_blocked, id=14128, stack(0x0000007775a00000,0x0000007775b00000)]
  0x00000252fec319b0 JavaThread "Attach Listener" daemon [_thread_blocked, id=10840, stack(0x0000007775b00000,0x0000007775c00000)]
  0x00000252fec34380 JavaThread "Service Thread" daemon [_thread_blocked, id=13760, stack(0x0000007775c00000,0x0000007775d00000)]
  0x00000252fec36d40 JavaThread "Monitor Deflation Thread" daemon [_thread_blocked, id=14388, stack(0x0000007775d00000,0x0000007775e00000)]
  0x00000252fec37ad0 JavaThread "C2 CompilerThread0" daemon [_thread_blocked, id=14840, stack(0x0000007775e00000,0x0000007775f00000)]
=>0x00000252fec39320 JavaThread "C1 CompilerThread0" daemon [_thread_in_native, id=7472, stack(0x0000007775f00000,0x0000007776000000)]
  0x00000252feca5a80 JavaThread "Sweeper thread" daemon [_thread_blocked, id=3644, stack(0x0000007776000000,0x0000007776100000)]
  0x00000252feda8aa0 JavaThread "Common-Cleaner" daemon [_thread_blocked, id=928, stack(0x0000007776100000,0x0000007776200000)]
  0x00000252feda8f70 JavaThread "Notification Thread" daemon [_thread_blocked, id=9912, stack(0x0000007776200000,0x0000007776300000)]
  0x0000025280cf3890 JavaThread "Daemon health stats" [_thread_blocked, id=15632, stack(0x0000007776700000,0x0000007776800000)]
  0x00000252806d9bd0 JavaThread "Incoming local TCP Connector on port 25724" [_thread_in_native, id=11080, stack(0x0000007776800000,0x0000007776900000)]
  0x0000025280f6a780 JavaThread "Daemon periodic checks" [_thread_blocked, id=4640, stack(0x0000007776900000,0x0000007776a00000)]
  0x0000025280cb25b0 JavaThread "Daemon" [_thread_blocked, id=3460, stack(0x0000007776a00000,0x0000007776b00000)]
  0x0000025280bc01f0 JavaThread "Handler for socket connection from /127.0.0.1:25724 to /127.0.0.1:25725" [_thread_in_native, id=13288, stack(0x0000007776b00000,0x0000007776c00000)]
  0x0000025280af3460 JavaThread "Cancel handler" [_thread_blocked, id=15732, stack(0x0000007776c00000,0x0000007776d00000)]
  0x00000252ff31eaf0 JavaThread "Daemon worker" [_thread_blocked, id=1812, stack(0x0000007776d00000,0x0000007776e00000)]
  0x0000025280033190 JavaThread "Asynchronous log dispatcher for DefaultDaemonConnection: socket connection from /127.0.0.1:25724 to /127.0.0.1:25725" [_thread_blocked, id=15800, stack(0x0000007776e00000,0x0000007776f00000)]
  0x0000025280033b30 JavaThread "Daemon client event forwarder" [_thread_blocked, id=16172, stack(0x0000007777000000,0x0000007777100000)]
  0x0000025280032320 JavaThread "Cache worker for journal cache (C:\Users\wilda\caches\journal-1)" [_thread_blocked, id=14820, stack(0x0000007777100000,0x0000007777200000)]
  0x00000252800327f0 JavaThread "File lock request listener" [_thread_in_native, id=15420, stack(0x0000007777200000,0x0000007777300000)]
  0x0000025280030170 JavaThread "Cache worker for file hash cache (C:\Users\wilda\caches\7.5\fileHashes)" [_thread_blocked, id=13716, stack(0x0000007777300000,0x0000007777400000)]
  0x0000025280030fe0 JavaThread "File watcher server" daemon [_thread_in_native, id=14656, stack(0x0000007777400000,0x0000007777500000)]
  0x0000025280031980 JavaThread "File watcher consumer" daemon [_thread_blocked, id=10808, stack(0x0000007777500000,0x0000007777600000)]
  0x0000025280030b10 JavaThread "jar transforms" [_thread_blocked, id=11460, stack(0x0000007777600000,0x0000007777700000)]
  0x0000025280031e50 JavaThread "jar transforms Thread 2" [_thread_blocked, id=14292, stack(0x0000007777700000,0x0000007777800000)]
  0x0000025281c791f0 JavaThread "jar transforms Thread 3" [_thread_blocked, id=12284, stack(0x0000007777800000,0x0000007777900000)]
  0x0000025281c796c0 JavaThread "jar transforms Thread 4" [_thread_blocked, id=620, stack(0x0000007777900000,0x0000007777a00000)]
  0x0000025281c7c210 JavaThread "Cache worker for checksums cache (C:\Users\wilda\AndroidStudioProjects\Kotlin-Simple-Movie-main\.gradle\7.5\checksums)" [_thread_blocked, id=15376, stack(0x0000007777a00000,0x0000007777b00000)]
  0x0000025281c7b3a0 JavaThread "Cache worker for cache directory md-rule (C:\Users\wilda\caches\7.5\md-rule)" [_thread_blocked, id=14844, stack(0x0000007777b00000,0x0000007777c00000)]
  0x0000025281c7bd40 JavaThread "Cache worker for file content cache (C:\Users\wilda\caches\7.5\fileContent)" [_thread_blocked, id=15536, stack(0x0000007777c00000,0x0000007777d00000)]
  0x0000025281c7b870 JavaThread "Cache worker for file hash cache (C:\Users\wilda\AndroidStudioProjects\Kotlin-Simple-Movie-main\.gradle\7.5\fileHashes)" [_thread_blocked, id=15032, stack(0x0000007777d00000,0x0000007777e00000)]
  0x0000025281c78380 JavaThread "Cache worker for cache directory md-supplier (C:\Users\wilda\caches\7.5\md-supplier)" [_thread_blocked, id=10508, stack(0x0000007777e00000,0x0000007777f00000)]
  0x0000025281c7a530 JavaThread "Cache worker for execution history cache (C:\Users\wilda\caches\7.5\executionHistory)" [_thread_blocked, id=9244, stack(0x0000007777f00000,0x0000007778000000)]
  0x0000025281c77eb0 JavaThread "File lock release action executor" [_thread_blocked, id=8408, stack(0x0000007774f00000,0x0000007775000000)]

Other Threads:
  0x00000252fe2ef6e0 VMThread "VM Thread" [stack: 0x0000007775700000,0x0000007775800000] [id=10064]
  0x00000252feda6770 WatcherThread [stack: 0x0000007776300000,0x0000007776400000] [id=8808]
  0x00000252e4d89bf0 GCTaskThread "GC Thread#0" [stack: 0x0000007775200000,0x0000007775300000] [id=14356]
  0x00000252ff689950 GCTaskThread "GC Thread#1" [stack: 0x0000007776400000,0x0000007776500000] [id=11076]
  0x00000252ff689c00 GCTaskThread "GC Thread#2" [stack: 0x0000007776500000,0x0000007776600000] [id=11192]
  0x000002528005d150 GCTaskThread "GC Thread#3" [stack: 0x0000007776600000,0x0000007776700000] [id=16184]
  0x00000252e4d9ab30 ConcurrentGCThread "G1 Main Marker" [stack: 0x0000007775300000,0x0000007775400000] [id=15828]
  0x00000252e4d9b6a0 ConcurrentGCThread "G1 Conc#0" [stack: 0x0000007775400000,0x0000007775500000] [id=15712]
  0x00000252e4dee800 ConcurrentGCThread "G1 Refine#0" [stack: 0x0000007775500000,0x0000007775600000] [id=9152]
  0x00000252fe15a4c0 ConcurrentGCThread "G1 Service" [stack: 0x0000007775600000,0x0000007775700000] [id=6808]

Threads with active compile tasks:
C1 CompilerThread0    88996 6248       3       org.objectweb.asm.ClassReader::readCode (5109 bytes)

VM state: at safepoint (normal execution)

VM Mutex/Monitor currently owned by a thread:  ([mutex/lock_event])
[0x00000252e4d2b750] Threads_lock - owner thread: 0x00000252fe2ef6e0
[0x00000252e4d2a160] Heap_lock - owner thread: 0x00000252e4d9ab30

Heap address: 0x0000000080000000, size: 2048 MB, Compressed Oops mode: 32-bit

CDS archive(s) not mapped
Compressed class space mapped at: 0x0000000100000000-0x0000000140000000, reserved size: 1073741824
Narrow klass base: 0x0000000000000000, Narrow klass shift: 3, Narrow klass range: 0x140000000

GC Precious Log:
 CPUs: 4 total, 4 available
 Memory: 10177M
 Large Page Support: Disabled
 NUMA Support: Disabled
 Compressed Oops: Enabled (32-bit)
 Heap Region Size: 1M
 Heap Min Capacity: 8M
 Heap Initial Capacity: 160M
 Heap Max Capacity: 2G
 Pre-touch: Disabled
 Parallel Workers: 4
 Concurrent Workers: 1
 Concurrent Refinement Workers: 4
 Periodic GC: Disabled

Heap:
 garbage-first heap   total 249856K, used 84272K [0x0000000080000000, 0x0000000100000000)
  region size 1024K, 13 young (13312K), 5 survivors (5120K)
 Metaspace       used 51855K, committed 52352K, reserved 1097728K
  class space    used 6876K, committed 7104K, reserved 1048576K

Heap Regions: E=young(eden), S=young(survivor), O=old, HS=humongous(starts), HC=humongous(continues), CS=collection set, F=free, OA=open archive, CA=closed archive, TAMS=top-at-mark-start (previous, next)
|   0|0x0000000080000000, 0x0000000080100000, 0x0000000080100000|100%|HS|  |TAMS 0x0000000080100000, 0x0000000080100000| Complete 
|   1|0x0000000080100000, 0x0000000080200000, 0x0000000080200000|100%|HC|  |TAMS 0x0000000080200000, 0x0000000080200000| Complete 
|   2|0x0000000080200000, 0x0000000080300000, 0x0000000080300000|100%|HC|  |TAMS 0x0000000080300000, 0x0000000080300000| Complete 
|   3|0x0000000080300000, 0x0000000080400000, 0x0000000080400000|100%| O|  |TAMS 0x0000000080400000, 0x0000000080400000| Untracked 
|   4|0x0000000080400000, 0x0000000080500000, 0x0000000080500000|100%| O|  |TAMS 0x0000000080500000, 0x0000000080500000| Untracked 
|   5|0x0000000080500000, 0x0000000080600000, 0x0000000080600000|100%| O|  |TAMS 0x0000000080600000, 0x0000000080600000| Untracked 
|   6|0x0000000080600000, 0x0000000080700000, 0x0000000080700000|100%| O|  |TAMS 0x0000000080700000, 0x0000000080700000| Untracked 
|   7|0x0000000080700000, 0x0000000080800000, 0x0000000080800000|100%| O|  |TAMS 0x0000000080800000, 0x0000000080800000| Untracked 
|   8|0x0000000080800000, 0x0000000080900000, 0x0000000080900000|100%| O|  |TAMS 0x0000000080900000, 0x0000000080900000| Untracked 
|   9|0x0000000080900000, 0x0000000080a00000, 0x0000000080a00000|100%| O|  |TAMS 0x0000000080a00000, 0x0000000080a00000| Untracked 
|  10|0x0000000080a00000, 0x0000000080a00000, 0x0000000080b00000|  0%| F|  |TAMS 0x0000000080a00000, 0x0000000080a00000| Untracked 
|  11|0x0000000080b00000, 0x0000000080c00000, 0x0000000080c00000|100%| O|  |TAMS 0x0000000080c00000, 0x0000000080c00000| Untracked 
|  12|0x0000000080c00000, 0x0000000080d00000, 0x0000000080d00000|100%| O|  |TAMS 0x0000000080d00000, 0x0000000080d00000| Untracked 
|  13|0x0000000080d00000, 0x0000000080e00000, 0x0000000080e00000|100%| O|  |TAMS 0x0000000080e00000, 0x0000000080e00000| Untracked 
|  14|0x0000000080e00000, 0x0000000080f00000, 0x0000000080f00000|100%| O|  |TAMS 0x0000000080f00000, 0x0000000080f00000| Untracked 
|  15|0x0000000080f00000, 0x0000000081000000, 0x0000000081000000|100%| O|  |TAMS 0x0000000081000000, 0x0000000081000000| Untracked 
|  16|0x0000000081000000, 0x0000000081100000, 0x0000000081100000|100%| O|  |TAMS 0x0000000081100000, 0x0000000081100000| Untracked 
|  17|0x0000000081100000, 0x0000000081200000, 0x0000000081200000|100%| O|  |TAMS 0x0000000081200000, 0x0000000081200000| Untracked 
|  18|0x0000000081200000, 0x0000000081300000, 0x0000000081300000|100%|HS|  |TAMS 0x0000000081300000, 0x0000000081300000| Complete 
|  19|0x0000000081300000, 0x0000000081400000, 0x0000000081400000|100%|HC|  |TAMS 0x0000000081400000, 0x0000000081400000| Complete 
|  20|0x0000000081400000, 0x0000000081500000, 0x0000000081500000|100%|HS|  |TAMS 0x0000000081500000, 0x0000000081500000| Complete 
|  21|0x0000000081500000, 0x0000000081600000, 0x0000000081600000|100%|HC|  |TAMS 0x0000000081600000, 0x0000000081600000| Complete 
|  22|0x0000000081600000, 0x0000000081700000, 0x0000000081700000|100%|HC|  |TAMS 0x0000000081700000, 0x0000000081700000| Complete 
|  23|0x0000000081700000, 0x0000000081800000, 0x0000000081800000|100%| O|  |TAMS 0x0000000081800000, 0x0000000081800000| Untracked 
|  24|0x0000000081800000, 0x0000000081900000, 0x0000000081900000|100%| O|  |TAMS 0x0000000081900000, 0x0000000081900000| Untracked 
|  25|0x0000000081900000, 0x0000000081a00000, 0x0000000081a00000|100%| O|  |TAMS 0x0000000081a00000, 0x0000000081a00000| Untracked 
|  26|0x0000000081a00000, 0x0000000081b00000, 0x0000000081b00000|100%|HS|  |TAMS 0x0000000081b00000, 0x0000000081b00000| Complete 
|  27|0x0000000081b00000, 0x0000000081c00000, 0x0000000081c00000|100%|HC|  |TAMS 0x0000000081c00000, 0x0000000081c00000| Complete 
|  28|0x0000000081c00000, 0x0000000081d00000, 0x0000000081d00000|100%|HC|  |TAMS 0x0000000081d00000, 0x0000000081d00000| Complete 
|  29|0x0000000081d00000, 0x0000000081e00000, 0x0000000081e00000|100%| O|  |TAMS 0x0000000081e00000, 0x0000000081e00000| Untracked 
|  30|0x0000000081e00000, 0x0000000081f00000, 0x0000000081f00000|100%|HS|  |TAMS 0x0000000081f00000, 0x0000000081f00000| Complete 
|  31|0x0000000081f00000, 0x0000000082000000, 0x0000000082000000|100%|HC|  |TAMS 0x0000000082000000, 0x0000000082000000| Complete 
|  32|0x0000000082000000, 0x0000000082100000, 0x0000000082100000|100%|HC|  |TAMS 0x0000000082100000, 0x0000000082100000| Complete 
|  33|0x0000000082100000, 0x0000000082200000, 0x0000000082200000|100%|HC|  |TAMS 0x0000000082200000, 0x0000000082200000| Complete 
|  34|0x0000000082200000, 0x0000000082300000, 0x0000000082300000|100%|HC|  |TAMS 0x0000000082300000, 0x0000000082300000| Complete 
|  35|0x0000000082300000, 0x0000000082400000, 0x0000000082400000|100%|HC|  |TAMS 0x0000000082400000, 0x0000000082400000| Complete 
|  36|0x0000000082400000, 0x0000000082500000, 0x0000000082500000|100%|HC|  |TAMS 0x0000000082500000, 0x0000000082500000| Complete 
|  37|0x0000000082500000, 0x0000000082600000, 0x0000000082600000|100%|HC|  |TAMS 0x0000000082600000, 0x0000000082600000| Complete 
|  38|0x0000000082600000, 0x0000000082700000, 0x0000000082700000|100%|HC|  |TAMS 0x0000000082700000, 0x0000000082700000| Complete 
|  39|0x0000000082700000, 0x0000000082800000, 0x0000000082800000|100%|HC|  |TAMS 0x0000000082800000, 0x0000000082800000| Complete 
|  40|0x0000000082800000, 0x0000000082900000, 0x0000000082900000|100%|HC|  |TAMS 0x0000000082900000, 0x0000000082900000| Complete 
|  41|0x0000000082900000, 0x0000000082a00000, 0x0000000082a00000|100%|HC|  |TAMS 0x0000000082a00000, 0x0000000082a00000| Complete 
|  42|0x0000000082a00000, 0x0000000082b00000, 0x0000000082b00000|100%|HS|  |TAMS 0x0000000082b00000, 0x0000000082b00000| Complete 
|  43|0x0000000082b00000, 0x0000000082c00000, 0x0000000082c00000|100%|HC|  |TAMS 0x0000000082c00000, 0x0000000082c00000| Complete 
|  44|0x0000000082c00000, 0x0000000082d00000, 0x0000000082d00000|100%| O|  |TAMS 0x0000000082d00000, 0x0000000082d00000| Untracked 
|  45|0x0000000082d00000, 0x0000000082e00000, 0x0000000082e00000|100%| O|  |TAMS 0x0000000082e00000, 0x0000000082e00000| Untracked 
|  46|0x0000000082e00000, 0x0000000082f00000, 0x0000000082f00000|100%| O|  |TAMS 0x0000000082f00000, 0x0000000082f00000| Untracked 
|  47|0x0000000082f00000, 0x0000000083000000, 0x0000000083000000|100%| O|  |TAMS 0x0000000083000000, 0x0000000083000000| Untracked 
|  48|0x0000000083000000, 0x0000000083100000, 0x0000000083100000|100%| O|  |TAMS 0x0000000083100000, 0x0000000083100000| Untracked 
|  49|0x0000000083100000, 0x0000000083200000, 0x0000000083200000|100%| O|  |TAMS 0x0000000083200000, 0x0000000083200000| Untracked 
|  50|0x0000000083200000, 0x0000000083300000, 0x0000000083300000|100%| O|  |TAMS 0x0000000083300000, 0x0000000083300000| Untracked 
|  51|0x0000000083300000, 0x0000000083400000, 0x0000000083400000|100%| O|  |TAMS 0x0000000083400000, 0x0000000083400000| Untracked 
|  52|0x0000000083400000, 0x0000000083500000, 0x0000000083500000|100%|HS|  |TAMS 0x0000000083500000, 0x0000000083500000| Complete 
|  53|0x0000000083500000, 0x0000000083600000, 0x0000000083600000|100%|HC|  |TAMS 0x0000000083600000, 0x0000000083600000| Complete 
|  54|0x0000000083600000, 0x0000000083700000, 0x0000000083700000|100%|HC|  |TAMS 0x0000000083700000, 0x0000000083700000| Complete 
|  55|0x0000000083700000, 0x0000000083800000, 0x0000000083800000|100%| O|  |TAMS 0x0000000083800000, 0x0000000083800000| Untracked 
|  56|0x0000000083800000, 0x0000000083900000, 0x0000000083900000|100%| O|  |TAMS 0x0000000083800000, 0x0000000083900000| Untracked 
|  57|0x0000000083900000, 0x0000000083a00000, 0x0000000083a00000|100%| O|  |TAMS 0x0000000083a00000, 0x0000000083a00000| Untracked 
|  58|0x0000000083a00000, 0x0000000083b00000, 0x0000000083b00000|100%| O|  |TAMS 0x0000000083b00000, 0x0000000083b00000| Untracked 
|  59|0x0000000083b00000, 0x0000000083c00000, 0x0000000083c00000|100%| O|  |TAMS 0x0000000083c00000, 0x0000000083c00000| Untracked 
|  60|0x0000000083c00000, 0x0000000083d00000, 0x0000000083d00000|100%| O|  |TAMS 0x0000000083c00000, 0x0000000083d00000| Untracked 
|  61|0x0000000083d00000, 0x0000000083e00000, 0x0000000083e00000|100%| O|  |TAMS 0x0000000083e00000, 0x0000000083e00000| Untracked 
|  62|0x0000000083e00000, 0x0000000083f00000, 0x0000000083f00000|100%|HS|  |TAMS 0x0000000083f00000, 0x0000000083f00000| Complete 
|  63|0x0000000083f00000, 0x0000000084000000, 0x0000000084000000|100%|HC|  |TAMS 0x0000000084000000, 0x0000000084000000| Complete 
|  64|0x0000000084000000, 0x0000000084100000, 0x0000000084100000|100%|HC|  |TAMS 0x0000000084100000, 0x0000000084100000| Complete 
|  65|0x0000000084100000, 0x0000000084200000, 0x0000000084200000|100%| O|  |TAMS 0x0000000084200000, 0x0000000084200000| Untracked 
|  66|0x0000000084200000, 0x0000000084300000, 0x0000000084300000|100%| O|  |TAMS 0x0000000084300000, 0x0000000084300000| Untracked 
|  67|0x0000000084300000, 0x0000000084400000, 0x0000000084400000|100%| O|  |TAMS 0x0000000084400000, 0x0000000084400000| Untracked 
|  68|0x0000000084400000, 0x0000000084500000, 0x0000000084500000|100%| O|  |TAMS 0x0000000084500000, 0x0000000084500000| Untracked 
|  69|0x0000000084500000, 0x0000000084600000, 0x0000000084600000|100%| O|  |TAMS 0x0000000084600000, 0x0000000084600000| Untracked 
|  70|0x0000000084600000, 0x0000000084700000, 0x0000000084700000|100%| O|  |TAMS 0x0000000084700000, 0x0000000084700000| Untracked 
|  71|0x0000000084700000, 0x00000000847d1200, 0x0000000084800000| 81%| O|  |TAMS 0x0000000084700000, 0x00000000847d1200| Untracked 
|  72|0x0000000084800000, 0x0000000084800000, 0x0000000084900000|  0%| F|  |TAMS 0x0000000084800000, 0x0000000084800000| Untracked 
|  73|0x0000000084900000, 0x0000000084900000, 0x0000000084a00000|  0%| F|  |TAMS 0x0000000084900000, 0x0000000084900000| Untracked 
|  74|0x0000000084a00000, 0x0000000084a00000, 0x0000000084b00000|  0%| F|  |TAMS 0x0000000084a00000, 0x0000000084a00000| Untracked 
|  75|0x0000000084b00000, 0x0000000084b00000, 0x0000000084c00000|  0%| F|  |TAMS 0x0000000084b00000, 0x0000000084b00000| Untracked 
|  76|0x0000000084c00000, 0x0000000084c00000, 0x0000000084d00000|  0%| F|  |TAMS 0x0000000084c00000, 0x0000000084c00000| Untracked 
|  77|0x0000000084d00000, 0x0000000084d00000, 0x0000000084e00000|  0%| F|  |TAMS 0x0000000084d00000, 0x0000000084d00000| Untracked 
|  78|0x0000000084e00000, 0x0000000084e00000, 0x0000000084f00000|  0%| F|  |TAMS 0x0000000084e00000, 0x0000000084e00000| Untracked 
|  79|0x0000000084f00000, 0x0000000084f00000, 0x0000000085000000|  0%| F|  |TAMS 0x0000000084f00000, 0x0000000084f00000| Untracked 
|  80|0x0000000085000000, 0x0000000085000000, 0x0000000085100000|  0%| F|  |TAMS 0x0000000085000000, 0x0000000085000000| Untracked 
|  81|0x0000000085100000, 0x0000000085100000, 0x0000000085200000|  0%| F|  |TAMS 0x0000000085100000, 0x0000000085100000| Untracked 
|  82|0x0000000085200000, 0x0000000085200000, 0x0000000085300000|  0%| F|  |TAMS 0x0000000085200000, 0x0000000085200000| Untracked 
|  83|0x0000000085300000, 0x0000000085300000, 0x0000000085400000|  0%| F|  |TAMS 0x0000000085300000, 0x0000000085300000| Untracked 
|  84|0x0000000085400000, 0x0000000085400000, 0x0000000085500000|  0%| F|  |TAMS 0x0000000085400000, 0x0000000085400000| Untracked 
|  85|0x0000000085500000, 0x0000000085500000, 0x0000000085600000|  0%| F|  |TAMS 0x0000000085500000, 0x0000000085500000| Untracked 
|  86|0x0000000085600000, 0x0000000085600000, 0x0000000085700000|  0%| F|  |TAMS 0x0000000085600000, 0x0000000085600000| Untracked 
|  87|0x0000000085700000, 0x0000000085700000, 0x0000000085800000|  0%| F|  |TAMS 0x0000000085700000, 0x0000000085700000| Untracked 
|  88|0x0000000085800000, 0x0000000085800000, 0x0000000085900000|  0%| F|  |TAMS 0x0000000085800000, 0x0000000085800000| Untracked 
|  89|0x0000000085900000, 0x0000000085900000, 0x0000000085a00000|  0%| F|  |TAMS 0x0000000085900000, 0x0000000085900000| Untracked 
|  90|0x0000000085a00000, 0x0000000085a00000, 0x0000000085b00000|  0%| F|  |TAMS 0x0000000085a00000, 0x0000000085a00000| Untracked 
|  91|0x0000000085b00000, 0x0000000085b00000, 0x0000000085c00000|  0%| F|  |TAMS 0x0000000085b00000, 0x0000000085b00000| Untracked 
|  92|0x0000000085c00000, 0x0000000085c00000, 0x0000000085d00000|  0%| F|  |TAMS 0x0000000085c00000, 0x0000000085c00000| Untracked 
|  93|0x0000000085d00000, 0x0000000085d00000, 0x0000000085e00000|  0%| F|  |TAMS 0x0000000085d00000, 0x0000000085d00000| Untracked 
|  94|0x0000000085e00000, 0x0000000085e00000, 0x0000000085f00000|  0%| F|  |TAMS 0x0000000085e00000, 0x0000000085e00000| Untracked 
|  95|0x0000000085f00000, 0x0000000085f00000, 0x0000000086000000|  0%| F|  |TAMS 0x0000000085f00000, 0x0000000085f00000| Untracked 
|  96|0x0000000086000000, 0x000000008607b0e0, 0x0000000086100000| 48%| S|CS|TAMS 0x0000000086000000, 0x0000000086000000| Complete 
|  97|0x0000000086100000, 0x0000000086200000, 0x0000000086200000|100%| S|CS|TAMS 0x0000000086100000, 0x0000000086100000| Complete 
|  98|0x0000000086200000, 0x0000000086200000, 0x0000000086300000|  0%| F|  |TAMS 0x0000000086200000, 0x0000000086200000| Untracked 
|  99|0x0000000086300000, 0x0000000086400000, 0x0000000086400000|100%| S|CS|TAMS 0x0000000086300000, 0x0000000086300000| Complete 
| 100|0x0000000086400000, 0x0000000086500000, 0x0000000086500000|100%| S|CS|TAMS 0x0000000086400000, 0x0000000086400000| Complete 
| 101|0x0000000086500000, 0x0000000086500000, 0x0000000086600000|  0%| F|  |TAMS 0x0000000086500000, 0x0000000086500000| Untracked 
| 102|0x0000000086600000, 0x0000000086600000, 0x0000000086700000|  0%| F|  |TAMS 0x0000000086600000, 0x0000000086600000| Untracked 
| 103|0x0000000086700000, 0x0000000086800000, 0x0000000086800000|100%| S|CS|TAMS 0x0000000086700000, 0x0000000086700000| Complete 
| 104|0x0000000086800000, 0x0000000086800000, 0x0000000086900000|  0%| F|  |TAMS 0x0000000086800000, 0x0000000086800000| Untracked 
| 105|0x0000000086900000, 0x0000000086900000, 0x0000000086a00000|  0%| F|  |TAMS 0x0000000086900000, 0x0000000086900000| Untracked 
| 106|0x0000000086a00000, 0x0000000086a00000, 0x0000000086b00000|  0%| F|  |TAMS 0x0000000086a00000, 0x0000000086a00000| Untracked 
| 107|0x0000000086b00000, 0x0000000086b00000, 0x0000000086c00000|  0%| F|  |TAMS 0x0000000086b00000, 0x0000000086b00000| Untracked 
| 108|0x0000000086c00000, 0x0000000086c00000, 0x0000000086d00000|  0%| F|  |TAMS 0x0000000086c00000, 0x0000000086c00000| Untracked 
| 109|0x0000000086d00000, 0x0000000086d00000, 0x0000000086e00000|  0%| F|  |TAMS 0x0000000086d00000, 0x0000000086d00000| Untracked 
| 110|0x0000000086e00000, 0x0000000086e00000, 0x0000000086f00000|  0%| F|  |TAMS 0x0000000086e00000, 0x0000000086e00000| Untracked 
| 111|0x0000000086f00000, 0x0000000086f00000, 0x0000000087000000|  0%| F|  |TAMS 0x0000000086f00000, 0x0000000086f00000| Untracked 
| 112|0x0000000087000000, 0x0000000087000000, 0x0000000087100000|  0%| F|  |TAMS 0x0000000087000000, 0x0000000087000000| Untracked 
| 113|0x0000000087100000, 0x0000000087100000, 0x0000000087200000|  0%| F|  |TAMS 0x0000000087100000, 0x0000000087100000| Untracked 
| 114|0x0000000087200000, 0x0000000087200000, 0x0000000087300000|  0%| F|  |TAMS 0x0000000087200000, 0x0000000087200000| Untracked 
| 115|0x0000000087300000, 0x0000000087300000, 0x0000000087400000|  0%| F|  |TAMS 0x0000000087300000, 0x0000000087300000| Untracked 
| 116|0x0000000087400000, 0x0000000087400000, 0x0000000087500000|  0%| F|  |TAMS 0x0000000087400000, 0x0000000087400000| Untracked 
| 117|0x0000000087500000, 0x0000000087500000, 0x0000000087600000|  0%| F|  |TAMS 0x0000000087500000, 0x0000000087500000| Untracked 
| 118|0x0000000087600000, 0x0000000087600000, 0x0000000087700000|  0%| F|  |TAMS 0x0000000087600000, 0x0000000087600000| Untracked 
| 119|0x0000000087700000, 0x0000000087700000, 0x0000000087800000|  0%| F|  |TAMS 0x0000000087700000, 0x0000000087700000| Untracked 
| 120|0x0000000087800000, 0x0000000087800000, 0x0000000087900000|  0%| F|  |TAMS 0x0000000087800000, 0x0000000087800000| Untracked 
| 121|0x0000000087900000, 0x0000000087900000, 0x0000000087a00000|  0%| F|  |TAMS 0x0000000087900000, 0x0000000087900000| Untracked 
| 122|0x0000000087a00000, 0x0000000087a00000, 0x0000000087b00000|  0%| F|  |TAMS 0x0000000087a00000, 0x0000000087a00000| Untracked 
| 123|0x0000000087b00000, 0x0000000087b00000, 0x0000000087c00000|  0%| F|  |TAMS 0x0000000087b00000, 0x0000000087b00000| Untracked 
| 124|0x0000000087c00000, 0x0000000087c00000, 0x0000000087d00000|  0%| F|  |TAMS 0x0000000087c00000, 0x0000000087c00000| Untracked 
| 125|0x0000000087d00000, 0x0000000087d00000, 0x0000000087e00000|  0%| F|  |TAMS 0x0000000087d00000, 0x0000000087d00000| Untracked 
| 126|0x0000000087e00000, 0x0000000087e00000, 0x0000000087f00000|  0%| F|  |TAMS 0x0000000087e00000, 0x0000000087e00000| Untracked 
| 127|0x0000000087f00000, 0x0000000087f00000, 0x0000000088000000|  0%| F|  |TAMS 0x0000000087f00000, 0x0000000087f00000| Untracked 
| 128|0x0000000088000000, 0x0000000088000000, 0x0000000088100000|  0%| F|  |TAMS 0x0000000088000000, 0x0000000088000000| Untracked 
| 129|0x0000000088100000, 0x0000000088100000, 0x0000000088200000|  0%| F|  |TAMS 0x0000000088100000, 0x0000000088100000| Untracked 
| 130|0x0000000088200000, 0x0000000088200000, 0x0000000088300000|  0%| F|  |TAMS 0x0000000088200000, 0x0000000088200000| Untracked 
| 131|0x0000000088300000, 0x0000000088300000, 0x0000000088400000|  0%| F|  |TAMS 0x0000000088300000, 0x0000000088300000| Untracked 
| 132|0x0000000088400000, 0x0000000088400000, 0x0000000088500000|  0%| F|  |TAMS 0x0000000088400000, 0x0000000088400000| Untracked 
| 133|0x0000000088500000, 0x0000000088500000, 0x0000000088600000|  0%| F|  |TAMS 0x0000000088500000, 0x0000000088500000| Untracked 
| 134|0x0000000088600000, 0x0000000088600000, 0x0000000088700000|  0%| F|  |TAMS 0x0000000088600000, 0x0000000088600000| Untracked 
| 135|0x0000000088700000, 0x0000000088700000, 0x0000000088800000|  0%| F|  |TAMS 0x0000000088700000, 0x0000000088700000| Untracked 
| 136|0x0000000088800000, 0x0000000088800000, 0x0000000088900000|  0%| F|  |TAMS 0x0000000088800000, 0x0000000088800000| Untracked 
| 137|0x0000000088900000, 0x0000000088900000, 0x0000000088a00000|  0%| F|  |TAMS 0x0000000088900000, 0x0000000088900000| Untracked 
| 138|0x0000000088a00000, 0x0000000088a00000, 0x0000000088b00000|  0%| F|  |TAMS 0x0000000088a00000, 0x0000000088a00000| Untracked 
| 139|0x0000000088b00000, 0x0000000088b00000, 0x0000000088c00000|  0%| F|  |TAMS 0x0000000088b00000, 0x0000000088b00000| Untracked 
| 140|0x0000000088c00000, 0x0000000088c00000, 0x0000000088d00000|  0%| F|  |TAMS 0x0000000088c00000, 0x0000000088c00000| Untracked 
| 141|0x0000000088d00000, 0x0000000088d00000, 0x0000000088e00000|  0%| F|  |TAMS 0x0000000088d00000, 0x0000000088d00000| Untracked 
| 142|0x0000000088e00000, 0x0000000088e00000, 0x0000000088f00000|  0%| F|  |TAMS 0x0000000088e00000, 0x0000000088e00000| Untracked 
| 143|0x0000000088f00000, 0x0000000088f00000, 0x0000000089000000|  0%| F|  |TAMS 0x0000000088f00000, 0x0000000088f00000| Untracked 
| 144|0x0000000089000000, 0x0000000089000000, 0x0000000089100000|  0%| F|  |TAMS 0x0000000089000000, 0x0000000089000000| Untracked 
| 145|0x0000000089100000, 0x0000000089100000, 0x0000000089200000|  0%| F|  |TAMS 0x0000000089100000, 0x0000000089100000| Untracked 
| 146|0x0000000089200000, 0x0000000089200000, 0x0000000089300000|  0%| F|  |TAMS 0x0000000089200000, 0x0000000089200000| Untracked 
| 147|0x0000000089300000, 0x0000000089300000, 0x0000000089400000|  0%| F|  |TAMS 0x0000000089300000, 0x0000000089300000| Untracked 
| 148|0x0000000089400000, 0x0000000089400000, 0x0000000089500000|  0%| F|  |TAMS 0x0000000089400000, 0x0000000089400000| Untracked 
| 149|0x0000000089500000, 0x0000000089500000, 0x0000000089600000|  0%| F|  |TAMS 0x0000000089500000, 0x0000000089500000| Untracked 
| 150|0x0000000089600000, 0x0000000089600000, 0x0000000089700000|  0%| F|  |TAMS 0x0000000089600000, 0x0000000089600000| Untracked 
| 151|0x0000000089700000, 0x0000000089700000, 0x0000000089800000|  0%| F|  |TAMS 0x0000000089700000, 0x0000000089700000| Untracked 
| 152|0x0000000089800000, 0x0000000089800000, 0x0000000089900000|  0%| F|  |TAMS 0x0000000089800000, 0x0000000089800000| Untracked 
| 153|0x0000000089900000, 0x0000000089900000, 0x0000000089a00000|  0%| F|  |TAMS 0x0000000089900000, 0x0000000089900000| Untracked 
| 154|0x0000000089a00000, 0x0000000089a00000, 0x0000000089b00000|  0%| F|  |TAMS 0x0000000089a00000, 0x0000000089a00000| Untracked 
| 155|0x0000000089b00000, 0x0000000089b00000, 0x0000000089c00000|  0%| F|  |TAMS 0x0000000089b00000, 0x0000000089b00000| Untracked 
| 156|0x0000000089c00000, 0x0000000089c00000, 0x0000000089d00000|  0%| F|  |TAMS 0x0000000089c00000, 0x0000000089c00000| Untracked 
| 157|0x0000000089d00000, 0x0000000089d00000, 0x0000000089e00000|  0%| F|  |TAMS 0x0000000089d00000, 0x0000000089d00000| Untracked 
| 158|0x0000000089e00000, 0x0000000089e00000, 0x0000000089f00000|  0%| F|  |TAMS 0x0000000089e00000, 0x0000000089e00000| Untracked 
| 159|0x0000000089f00000, 0x0000000089f00000, 0x000000008a000000|  0%| F|  |TAMS 0x0000000089f00000, 0x0000000089f00000| Untracked 
| 160|0x000000008a000000, 0x000000008a000000, 0x000000008a100000|  0%| F|  |TAMS 0x000000008a000000, 0x000000008a000000| Untracked 
| 161|0x000000008a100000, 0x000000008a100000, 0x000000008a200000|  0%| F|  |TAMS 0x000000008a100000, 0x000000008a100000| Untracked 
| 162|0x000000008a200000, 0x000000008a200000, 0x000000008a300000|  0%| F|  |TAMS 0x000000008a200000, 0x000000008a200000| Untracked 
| 163|0x000000008a300000, 0x000000008a300000, 0x000000008a400000|  0%| F|  |TAMS 0x000000008a300000, 0x000000008a300000| Untracked 
| 164|0x000000008a400000, 0x000000008a400000, 0x000000008a500000|  0%| F|  |TAMS 0x000000008a400000, 0x000000008a400000| Untracked 
| 165|0x000000008a500000, 0x000000008a500000, 0x000000008a600000|  0%| F|  |TAMS 0x000000008a500000, 0x000000008a500000| Untracked 
| 166|0x000000008a600000, 0x000000008a600000, 0x000000008a700000|  0%| F|  |TAMS 0x000000008a600000, 0x000000008a600000| Untracked 
| 167|0x000000008a700000, 0x000000008a700000, 0x000000008a800000|  0%| F|  |TAMS 0x000000008a700000, 0x000000008a700000| Untracked 
| 168|0x000000008a800000, 0x000000008a800000, 0x000000008a900000|  0%| F|  |TAMS 0x000000008a800000, 0x000000008a800000| Untracked 
| 169|0x000000008a900000, 0x000000008a900000, 0x000000008aa00000|  0%| F|  |TAMS 0x000000008a900000, 0x000000008a900000| Untracked 
| 170|0x000000008aa00000, 0x000000008aa00000, 0x000000008ab00000|  0%| F|  |TAMS 0x000000008aa00000, 0x000000008aa00000| Untracked 
| 171|0x000000008ab00000, 0x000000008ab00000, 0x000000008ac00000|  0%| F|  |TAMS 0x000000008ab00000, 0x000000008ab00000| Untracked 
| 172|0x000000008ac00000, 0x000000008ac00000, 0x000000008ad00000|  0%| F|  |TAMS 0x000000008ac00000, 0x000000008ac00000| Untracked 
| 173|0x000000008ad00000, 0x000000008ad00000, 0x000000008ae00000|  0%| F|  |TAMS 0x000000008ad00000, 0x000000008ad00000| Untracked 
| 174|0x000000008ae00000, 0x000000008ae00000, 0x000000008af00000|  0%| F|  |TAMS 0x000000008ae00000, 0x000000008ae00000| Untracked 
| 175|0x000000008af00000, 0x000000008af00000, 0x000000008b000000|  0%| F|  |TAMS 0x000000008af00000, 0x000000008af00000| Untracked 
| 176|0x000000008b000000, 0x000000008b000000, 0x000000008b100000|  0%| F|  |TAMS 0x000000008b000000, 0x000000008b000000| Untracked 
| 177|0x000000008b100000, 0x000000008b100000, 0x000000008b200000|  0%| F|  |TAMS 0x000000008b100000, 0x000000008b100000| Untracked 
| 178|0x000000008b200000, 0x000000008b200000, 0x000000008b300000|  0%| F|  |TAMS 0x000000008b200000, 0x000000008b200000| Untracked 
| 179|0x000000008b300000, 0x000000008b300000, 0x000000008b400000|  0%| F|  |TAMS 0x000000008b300000, 0x000000008b300000| Untracked 
| 180|0x000000008b400000, 0x000000008b400000, 0x000000008b500000|  0%| F|  |TAMS 0x000000008b400000, 0x000000008b400000| Untracked 
| 181|0x000000008b500000, 0x000000008b500000, 0x000000008b600000|  0%| F|  |TAMS 0x000000008b500000, 0x000000008b500000| Untracked 
| 182|0x000000008b600000, 0x000000008b600000, 0x000000008b700000|  0%| F|  |TAMS 0x000000008b600000, 0x000000008b600000| Untracked 
| 183|0x000000008b700000, 0x000000008b700000, 0x000000008b800000|  0%| F|  |TAMS 0x000000008b700000, 0x000000008b700000| Untracked 
| 184|0x000000008b800000, 0x000000008b800000, 0x000000008b900000|  0%| F|  |TAMS 0x000000008b800000, 0x000000008b800000| Untracked 
| 185|0x000000008b900000, 0x000000008b900000, 0x000000008ba00000|  0%| F|  |TAMS 0x000000008b900000, 0x000000008b900000| Untracked 
| 186|0x000000008ba00000, 0x000000008ba00000, 0x000000008bb00000|  0%| F|  |TAMS 0x000000008ba00000, 0x000000008ba00000| Untracked 
| 187|0x000000008bb00000, 0x000000008bb00000, 0x000000008bc00000|  0%| F|  |TAMS 0x000000008bb00000, 0x000000008bb00000| Untracked 
| 188|0x000000008bc00000, 0x000000008bc00000, 0x000000008bd00000|  0%| F|  |TAMS 0x000000008bc00000, 0x000000008bc00000| Untracked 
| 189|0x000000008bd00000, 0x000000008bd00000, 0x000000008be00000|  0%| F|  |TAMS 0x000000008bd00000, 0x000000008bd00000| Untracked 
| 190|0x000000008be00000, 0x000000008be00000, 0x000000008bf00000|  0%| F|  |TAMS 0x000000008be00000, 0x000000008be00000| Untracked 
| 191|0x000000008bf00000, 0x000000008bf00000, 0x000000008c000000|  0%| F|  |TAMS 0x000000008bf00000, 0x000000008bf00000| Untracked 
| 192|0x000000008c000000, 0x000000008c000000, 0x000000008c100000|  0%| F|  |TAMS 0x000000008c000000, 0x000000008c000000| Untracked 
| 193|0x000000008c100000, 0x000000008c100000, 0x000000008c200000|  0%| F|  |TAMS 0x000000008c100000, 0x000000008c100000| Untracked 
| 194|0x000000008c200000, 0x000000008c200000, 0x000000008c300000|  0%| F|  |TAMS 0x000000008c200000, 0x000000008c200000| Untracked 
| 195|0x000000008c300000, 0x000000008c300000, 0x000000008c400000|  0%| F|  |TAMS 0x000000008c300000, 0x000000008c300000| Untracked 
| 196|0x000000008c400000, 0x000000008c400000, 0x000000008c500000|  0%| F|  |TAMS 0x000000008c400000, 0x000000008c400000| Untracked 
| 197|0x000000008c500000, 0x000000008c500000, 0x000000008c600000|  0%| F|  |TAMS 0x000000008c500000, 0x000000008c500000| Untracked 
| 198|0x000000008c600000, 0x000000008c600000, 0x000000008c700000|  0%| F|  |TAMS 0x000000008c600000, 0x000000008c600000| Untracked 
| 199|0x000000008c700000, 0x000000008c700000, 0x000000008c800000|  0%| F|  |TAMS 0x000000008c700000, 0x000000008c700000| Untracked 
| 200|0x000000008c800000, 0x000000008c800000, 0x000000008c900000|  0%| F|  |TAMS 0x000000008c800000, 0x000000008c800000| Untracked 
| 201|0x000000008c900000, 0x000000008c900000, 0x000000008ca00000|  0%| F|  |TAMS 0x000000008c900000, 0x000000008c900000| Untracked 
| 202|0x000000008ca00000, 0x000000008ca00000, 0x000000008cb00000|  0%| F|  |TAMS 0x000000008ca00000, 0x000000008ca00000| Untracked 
| 203|0x000000008cb00000, 0x000000008cb00000, 0x000000008cc00000|  0%| F|  |TAMS 0x000000008cb00000, 0x000000008cb00000| Untracked 
| 204|0x000000008cc00000, 0x000000008cc00000, 0x000000008cd00000|  0%| F|  |TAMS 0x000000008cc00000, 0x000000008cc00000| Untracked 
| 205|0x000000008cd00000, 0x000000008cd00000, 0x000000008ce00000|  0%| F|  |TAMS 0x000000008cd00000, 0x000000008cd00000| Untracked 
| 206|0x000000008ce00000, 0x000000008ce00000, 0x000000008cf00000|  0%| F|  |TAMS 0x000000008ce00000, 0x000000008ce00000| Untracked 
| 207|0x000000008cf00000, 0x000000008cf00000, 0x000000008d000000|  0%| F|  |TAMS 0x000000008cf00000, 0x000000008cf00000| Untracked 
| 208|0x000000008d000000, 0x000000008d000000, 0x000000008d100000|  0%| F|  |TAMS 0x000000008d000000, 0x000000008d000000| Untracked 
| 209|0x000000008d100000, 0x000000008d100000, 0x000000008d200000|  0%| F|  |TAMS 0x000000008d100000, 0x000000008d100000| Untracked 
| 210|0x000000008d200000, 0x000000008d200000, 0x000000008d300000|  0%| F|  |TAMS 0x000000008d200000, 0x000000008d200000| Untracked 
| 211|0x000000008d300000, 0x000000008d300000, 0x000000008d400000|  0%| F|  |TAMS 0x000000008d300000, 0x000000008d300000| Untracked 
| 212|0x000000008d400000, 0x000000008d400000, 0x000000008d500000|  0%| F|  |TAMS 0x000000008d400000, 0x000000008d400000| Untracked 
| 213|0x000000008d500000, 0x000000008d500000, 0x000000008d600000|  0%| F|  |TAMS 0x000000008d500000, 0x000000008d500000| Untracked 
| 214|0x000000008d600000, 0x000000008d600000, 0x000000008d700000|  0%| F|  |TAMS 0x000000008d600000, 0x000000008d600000| Untracked 
| 215|0x000000008d700000, 0x000000008d700000, 0x000000008d800000|  0%| F|  |TAMS 0x000000008d700000, 0x000000008d700000| Untracked 
| 216|0x000000008d800000, 0x000000008d800000, 0x000000008d900000|  0%| F|  |TAMS 0x000000008d800000, 0x000000008d800000| Untracked 
| 217|0x000000008d900000, 0x000000008d900000, 0x000000008da00000|  0%| F|  |TAMS 0x000000008d900000, 0x000000008d900000| Untracked 
| 218|0x000000008da00000, 0x000000008da00000, 0x000000008db00000|  0%| F|  |TAMS 0x000000008da00000, 0x000000008da00000| Untracked 
| 219|0x000000008db00000, 0x000000008db00000, 0x000000008dc00000|  0%| F|  |TAMS 0x000000008db00000, 0x000000008db00000| Untracked 
| 220|0x000000008dc00000, 0x000000008dc00000, 0x000000008dd00000|  0%| F|  |TAMS 0x000000008dc00000, 0x000000008dc00000| Untracked 
| 221|0x000000008dd00000, 0x000000008dd00000, 0x000000008de00000|  0%| F|  |TAMS 0x000000008dd00000, 0x000000008dd00000| Untracked 
| 222|0x000000008de00000, 0x000000008de00000, 0x000000008df00000|  0%| F|  |TAMS 0x000000008de00000, 0x000000008de00000| Untracked 
| 223|0x000000008df00000, 0x000000008df00000, 0x000000008e000000|  0%| F|  |TAMS 0x000000008df00000, 0x000000008df00000| Untracked 
| 224|0x000000008e000000, 0x000000008e000000, 0x000000008e100000|  0%| F|  |TAMS 0x000000008e000000, 0x000000008e000000| Untracked 
| 225|0x000000008e100000, 0x000000008e100000, 0x000000008e200000|  0%| F|  |TAMS 0x000000008e100000, 0x000000008e100000| Untracked 
| 226|0x000000008e200000, 0x000000008e200000, 0x000000008e300000|  0%| F|  |TAMS 0x000000008e200000, 0x000000008e200000| Untracked 
| 227|0x000000008e300000, 0x000000008e300000, 0x000000008e400000|  0%| F|  |TAMS 0x000000008e300000, 0x000000008e300000| Untracked 
| 228|0x000000008e400000, 0x000000008e400000, 0x000000008e500000|  0%| F|  |TAMS 0x000000008e400000, 0x000000008e400000| Untracked 
| 229|0x000000008e500000, 0x000000008e500000, 0x000000008e600000|  0%| F|  |TAMS 0x000000008e500000, 0x000000008e500000| Untracked 
| 230|0x000000008e600000, 0x000000008e600000, 0x000000008e700000|  0%| F|  |TAMS 0x000000008e600000, 0x000000008e600000| Untracked 
| 231|0x000000008e700000, 0x000000008e700000, 0x000000008e800000|  0%| F|  |TAMS 0x000000008e700000, 0x000000008e700000| Untracked 
| 232|0x000000008e800000, 0x000000008e800000, 0x000000008e900000|  0%| F|  |TAMS 0x000000008e800000, 0x000000008e800000| Untracked 
| 233|0x000000008e900000, 0x000000008e900000, 0x000000008ea00000|  0%| F|  |TAMS 0x000000008e900000, 0x000000008e900000| Untracked 
| 234|0x000000008ea00000, 0x000000008ea00000, 0x000000008eb00000|  0%| F|  |TAMS 0x000000008ea00000, 0x000000008ea00000| Untracked 
| 235|0x000000008eb00000, 0x000000008eb00000, 0x000000008ec00000|  0%| F|  |TAMS 0x000000008eb00000, 0x000000008eb00000| Untracked 
| 236|0x000000008ec00000, 0x000000008ec80800, 0x000000008ed00000| 50%| E|  |TAMS 0x000000008ec00000, 0x000000008ec00000| Complete 
| 237|0x000000008ed00000, 0x000000008ee00000, 0x000000008ee00000|100%| E|CS|TAMS 0x000000008ed00000, 0x000000008ed00000| Complete 
| 238|0x000000008ee00000, 0x000000008ef00000, 0x000000008ef00000|100%| E|CS|TAMS 0x000000008ee00000, 0x000000008ee00000| Complete 
| 239|0x000000008ef00000, 0x000000008f000000, 0x000000008f000000|100%| E|CS|TAMS 0x000000008ef00000, 0x000000008ef00000| Complete 
| 240|0x000000008f000000, 0x000000008f100000, 0x000000008f100000|100%| E|CS|TAMS 0x000000008f000000, 0x000000008f000000| Complete 
| 241|0x000000008f100000, 0x000000008f200000, 0x000000008f200000|100%| E|CS|TAMS 0x000000008f100000, 0x000000008f100000| Complete 
| 242|0x000000008f200000, 0x000000008f300000, 0x000000008f300000|100%| E|CS|TAMS 0x000000008f200000, 0x000000008f200000| Complete 
| 271|0x0000000090f00000, 0x0000000091000000, 0x0000000091000000|100%| E|CS|TAMS 0x0000000090f00000, 0x0000000090f00000| Complete 

Card table byte_map: [0x00000252f75f0000,0x00000252f79f0000] _byte_map_base: 0x00000252f71f0000

Marking Bits (Prev, Next): (CMBitMap*) 0x00000252e4d8a240, (CMBitMap*) 0x00000252e4d8a200
 Prev Bits: [0x00000252f9df0000, 0x00000252fbdf0000)
 Next Bits: [0x00000252f7df0000, 0x00000252f9df0000)

Polling page: 0x00000252e2bd0000

Metaspace:

Usage:
  Non-class:     43.93 MB used.
      Class:      6.71 MB used.
       Both:     50.64 MB used.

Virtual space:
  Non-class space:       48.00 MB reserved,      44.19 MB ( 92%) committed,  6 nodes.
      Class space:        1.00 GB reserved,       6.94 MB ( <1%) committed,  1 nodes.
             Both:        1.05 GB reserved,      51.12 MB (  5%) committed. 

Chunk freelists:
   Non-Class:  3.68 MB
       Class:  1.11 MB
        Both:  4.79 MB

MaxMetaspaceSize: unlimited
CompressedClassSpaceSize: 1.00 GB
Initial GC threshold: 21.00 MB
Current GC threshold: 85.25 MB
CDS: off
MetaspaceReclaimPolicy: balanced
 - commit_granule_bytes: 65536.
 - commit_granule_words: 8192.
 - virtual_space_node_default_size: 1048576.
 - enlarge_chunks_in_place: 1.
 - new_chunks_are_fully_committed: 0.
 - uncommit_free_chunks: 1.
 - use_allocation_guard: 0.
 - handle_deallocations: 1.


Internal statistics:

num_allocs_failed_limit: 3.
num_arena_births: 430.
num_arena_deaths: 4.
num_vsnodes_births: 7.
num_vsnodes_deaths: 0.
num_space_committed: 818.
num_space_uncommitted: 0.
num_chunks_returned_to_freelist: 9.
num_chunks_taken_from_freelist: 2018.
num_chunk_merges: 3.
num_chunk_splits: 1334.
num_chunks_enlarged: 956.
num_purges: 2.
num_inconsistent_stats: 0.

CodeHeap 'non-profiled nmethods': size=120000Kb used=5027Kb max_used=5027Kb free=114972Kb
 bounds [0x00000252efcc0000, 0x00000252f01b0000, 0x00000252f71f0000]
CodeHeap 'profiled nmethods': size=120000Kb used=10922Kb max_used=10925Kb free=109077Kb
 bounds [0x00000252e81f0000, 0x00000252e8ca0000, 0x00000252ef720000]
CodeHeap 'non-nmethods': size=5760Kb used=2312Kb max_used=2385Kb free=3447Kb
 bounds [0x00000252ef720000, 0x00000252ef990000, 0x00000252efcc0000]
 total_blobs=6310 nmethods=5483 adapters=738
 compilation: enabled
              stopped_count=0, restarted_count=0
 full_count=0

Compilation events (20 events):
Event: 87.130 Thread 0x00000252fec39320 nmethod 6238 0x00000252e8c92990 code [0x00000252e8c92b40, 0x00000252e8c92d38]
Event: 87.667 Thread 0x00000252fec39320 6239       3       org.objectweb.asm.ClassWriter::visitOuterClass (37 bytes)
Event: 87.668 Thread 0x00000252fec39320 nmethod 6239 0x00000252e8c92e10 code [0x00000252e8c92fc0, 0x00000252e8c93258]
Event: 88.127 Thread 0x00000252fec39320 6240       3       java.util.concurrent.ScheduledThreadPoolExecutor::canRunInCurrentRunState (61 bytes)
Event: 88.128 Thread 0x00000252fec39320 nmethod 6240 0x00000252e8c93410 code [0x00000252e8c93620, 0x00000252e8c93e08]
Event: 88.177 Thread 0x00000252fec39320 6241       3       org.objectweb.asm.ClassReader::readElementValue (1237 bytes)
Event: 88.183 Thread 0x00000252fec39320 nmethod 6241 0x00000252e8c94010 code [0x00000252e8c94840, 0x00000252e8c98678]
Event: 88.275 Thread 0x00000252fec39320 6242       3       org.objectweb.asm.MethodVisitor::visitAnnotation (19 bytes)
Event: 88.276 Thread 0x00000252fec39320 nmethod 6242 0x00000252e8c9a010 code [0x00000252e8c9a1c0, 0x00000252e8c9a3e8]
Event: 88.652 Thread 0x00000252fec39320 6243       3       org.objectweb.asm.MethodWriter::visitAnnotation (40 bytes)
Event: 88.653 Thread 0x00000252fec39320 nmethod 6243 0x00000252e8c9a490 code [0x00000252e8c9a640, 0x00000252e8c9a8f8]
Event: 88.657 Thread 0x00000252fec39320 6244       3       org.objectweb.asm.ByteVector::put112 (80 bytes)
Event: 88.658 Thread 0x00000252fec39320 nmethod 6244 0x00000252e8c9aa10 code [0x00000252e8c9abc0, 0x00000252e8c9ae28]
Event: 88.690 Thread 0x00000252fec39320 6245       3       org.objectweb.asm.ClassVisitor::visitAnnotation (19 bytes)
Event: 88.690 Thread 0x00000252fec39320 nmethod 6245 0x00000252e8c9af90 code [0x00000252e8c9b140, 0x00000252e8c9b368]
Event: 88.706 Thread 0x00000252fec37ad0 6246       4       org.objectweb.asm.MethodWriter::visitTableSwitchInsn (120 bytes)
Event: 88.804 Thread 0x00000252fec37ad0 nmethod 6246 0x00000252f01a5d90 code [0x00000252f01a5fa0, 0x00000252f01a7e08]
Event: 88.836 Thread 0x00000252fec37ad0 6247       4       org.objectweb.asm.Edge::<init> (20 bytes)
Event: 88.839 Thread 0x00000252fec39320 6248       3       org.objectweb.asm.ClassReader::readCode (5109 bytes)
Event: 88.842 Thread 0x00000252fec37ad0 nmethod 6247 0x00000252f01a8910 code [0x00000252f01a8a80, 0x00000252f01a8cb8]

GC Heap History (20 events):
Event: 66.138 GC heap before
{Heap before GC invocations=69 (full 0):
 garbage-first heap   total 148480K, used 127872K [0x0000000080000000, 0x0000000100000000)
  region size 1024K, 58 young (59392K), 1 survivors (1024K)
 Metaspace       used 51844K, committed 52352K, reserved 1097728K
  class space    used 6874K, committed 7104K, reserved 1048576K
}
Event: 66.141 GC heap after
{Heap after GC invocations=70 (full 0):
 garbage-first heap   total 148480K, used 70732K [0x0000000080000000, 0x0000000100000000)
  region size 1024K, 1 young (1024K), 1 survivors (1024K)
 Metaspace       used 51844K, committed 52352K, reserved 1097728K
  class space    used 6874K, committed 7104K, reserved 1048576K
}
Event: 69.344 GC heap before
{Heap before GC invocations=71 (full 0):
 garbage-first heap   total 148480K, used 129100K [0x0000000080000000, 0x0000000100000000)
  region size 1024K, 58 young (59392K), 1 survivors (1024K)
 Metaspace       used 51844K, committed 52352K, reserved 1097728K
  class space    used 6874K, committed 7104K, reserved 1048576K
}
Event: 69.347 GC heap after
{Heap after GC invocations=72 (full 0):
 garbage-first heap   total 148480K, used 71097K [0x0000000080000000, 0x0000000100000000)
  region size 1024K, 1 young (1024K), 1 survivors (1024K)
 Metaspace       used 51844K, committed 52352K, reserved 1097728K
  class space    used 6874K, committed 7104K, reserved 1048576K
}
Event: 69.427 GC heap before
{Heap before GC invocations=72 (full 0):
 garbage-first heap   total 148480K, used 77241K [0x0000000080000000, 0x0000000100000000)
  region size 1024K, 7 young (7168K), 1 survivors (1024K)
 Metaspace       used 51844K, committed 52352K, reserved 1097728K
  class space    used 6874K, committed 7104K, reserved 1048576K
}
Event: 69.429 GC heap after
{Heap after GC invocations=73 (full 0):
 garbage-first heap   total 148480K, used 70466K [0x0000000080000000, 0x0000000100000000)
  region size 1024K, 1 young (1024K), 1 survivors (1024K)
 Metaspace       used 51844K, committed 52352K, reserved 1097728K
  class space    used 6874K, committed 7104K, reserved 1048576K
}
Event: 70.855 GC heap before
{Heap before GC invocations=73 (full 0):
 garbage-first heap   total 148480K, used 128834K [0x0000000080000000, 0x0000000100000000)
  region size 1024K, 58 young (59392K), 1 survivors (1024K)
 Metaspace       used 51844K, committed 52352K, reserved 1097728K
  class space    used 6874K, committed 7104K, reserved 1048576K
}
Event: 70.860 GC heap after
{Heap after GC invocations=74 (full 0):
 garbage-first heap   total 278528K, used 70703K [0x0000000080000000, 0x0000000100000000)
  region size 1024K, 1 young (1024K), 1 survivors (1024K)
 Metaspace       used 51844K, committed 52352K, reserved 1097728K
  class space    used 6874K, committed 7104K, reserved 1048576K
}
Event: 75.032 GC heap before
{Heap before GC invocations=74 (full 0):
 garbage-first heap   total 278528K, used 162863K [0x0000000080000000, 0x0000000100000000)
  region size 1024K, 92 young (94208K), 1 survivors (1024K)
 Metaspace       used 51845K, committed 52352K, reserved 1097728K
  class space    used 6874K, committed 7104K, reserved 1048576K
}
Event: 75.043 GC heap after
{Heap after GC invocations=75 (full 0):
 garbage-first heap   total 278528K, used 71468K [0x0000000080000000, 0x0000000100000000)
  region size 1024K, 2 young (2048K), 2 survivors (2048K)
 Metaspace       used 51845K, committed 52352K, reserved 1097728K
  class space    used 6874K, committed 7104K, reserved 1048576K
}
Event: 82.700 GC heap before
{Heap before GC invocations=76 (full 0):
 garbage-first heap   total 249856K, used 218924K [0x0000000080000000, 0x0000000100000000)
  region size 1024K, 146 young (149504K), 2 survivors (2048K)
 Metaspace       used 51852K, committed 52352K, reserved 1097728K
  class space    used 6875K, committed 7104K, reserved 1048576K
}
Event: 82.710 GC heap after
{Heap after GC invocations=77 (full 0):
 garbage-first heap   total 249856K, used 72779K [0x0000000080000000, 0x0000000100000000)
  region size 1024K, 3 young (3072K), 3 survivors (3072K)
 Metaspace       used 51852K, committed 52352K, reserved 1097728K
  class space    used 6875K, committed 7104K, reserved 1048576K
}
Event: 82.916 GC heap before
{Heap before GC invocations=77 (full 0):
 garbage-first heap   total 249856K, used 81995K [0x0000000080000000, 0x0000000100000000)
  region size 1024K, 12 young (12288K), 3 survivors (3072K)
 Metaspace       used 51852K, committed 52352K, reserved 1097728K
  class space    used 6875K, committed 7104K, reserved 1048576K
}
Event: 82.923 GC heap after
{Heap after GC invocations=78 (full 0):
 garbage-first heap   total 249856K, used 72883K [0x0000000080000000, 0x0000000100000000)
  region size 1024K, 1 young (1024K), 1 survivors (1024K)
 Metaspace       used 51852K, committed 52352K, reserved 1097728K
  class space    used 6875K, committed 7104K, reserved 1048576K
}
Event: 85.578 GC heap before
{Heap before GC invocations=78 (full 0):
 garbage-first heap   total 249856K, used 218291K [0x0000000080000000, 0x0000000100000000)
  region size 1024K, 143 young (146432K), 1 survivors (1024K)
 Metaspace       used 51852K, committed 52352K, reserved 1097728K
  class space    used 6876K, committed 7104K, reserved 1048576K
}
Event: 85.582 GC heap after
{Heap after GC invocations=79 (full 0):
 garbage-first heap   total 249856K, used 74199K [0x0000000080000000, 0x0000000100000000)
  region size 1024K, 2 young (2048K), 2 survivors (2048K)
 Metaspace       used 51852K, committed 52352K, reserved 1097728K
  class space    used 6876K, committed 7104K, reserved 1048576K
}
Event: 87.295 GC heap before
{Heap before GC invocations=79 (full 0):
 garbage-first heap   total 249856K, used 218583K [0x0000000080000000, 0x0000000100000000)
  region size 1024K, 143 young (146432K), 2 survivors (2048K)
 Metaspace       used 51853K, committed 52352K, reserved 1097728K
  class space    used 6876K, committed 7104K, reserved 1048576K
}
Event: 87.300 GC heap after
{Heap after GC invocations=80 (full 0):
 garbage-first heap   total 249856K, used 75588K [0x0000000080000000, 0x0000000100000000)
  region size 1024K, 3 young (3072K), 3 survivors (3072K)
 Metaspace       used 51853K, committed 52352K, reserved 1097728K
  class space    used 6876K, committed 7104K, reserved 1048576K
}
Event: 88.740 GC heap before
{Heap before GC invocations=80 (full 0):
 garbage-first heap   total 249856K, used 218948K [0x0000000080000000, 0x0000000100000000)
  region size 1024K, 143 young (146432K), 3 survivors (3072K)
 Metaspace       used 51855K, committed 52352K, reserved 1097728K
  class space    used 6876K, committed 7104K, reserved 1048576K
}
Event: 88.746 GC heap after
{Heap after GC invocations=81 (full 0):
 garbage-first heap   total 249856K, used 77104K [0x0000000080000000, 0x0000000100000000)
  region size 1024K, 5 young (5120K), 5 survivors (5120K)
 Metaspace       used 51855K, committed 52352K, reserved 1097728K
  class space    used 6876K, committed 7104K, reserved 1048576K
}

Dll operation events (2 events):
Event: 0.047 Loaded shared library C:\Program Files\Android\Android Studio1\jbr\bin\java.dll
Event: 4.458 Loaded shared library C:\Program Files\Android\Android Studio1\jbr\bin\verify.dll

Deoptimization events (20 events):
Event: 76.640 Thread 0x0000025281c791f0 Uncommon trap: trap_request=0xffffffbe fr.pc=0x00000252effbcf50 relative=0x0000000000004930
Event: 76.640 Thread 0x0000025281c791f0 Uncommon trap: reason=profile_predicate action=maybe_recompile pc=0x00000252effbcf50 method=org.objectweb.asm.ClassReader.readCode(Lorg/objectweb/asm/MethodVisitor;Lorg/objectweb/asm/Context;I)V @ 2186 c2
Event: 76.640 Thread 0x0000025281c791f0 DEOPT PACKING pc=0x00000252effbcf50 sp=0x00000077778fe170
Event: 76.640 Thread 0x0000025281c791f0 DEOPT UNPACKING pc=0x00000252ef7769a3 sp=0x00000077778fe0f0 mode 2
Event: 88.835 Thread 0x0000025281c791f0 Uncommon trap: trap_request=0xffffff45 fr.pc=0x00000252f0168748 relative=0x0000000000008ea8
Event: 88.835 Thread 0x0000025281c791f0 Uncommon trap: reason=unstable_if action=reinterpret pc=0x00000252f0168748 method=org.objectweb.asm.ClassReader.readCode(Lorg/objectweb/asm/MethodVisitor;Lorg/objectweb/asm/Context;I)V @ 119 c2
Event: 88.835 Thread 0x0000025281c791f0 DEOPT PACKING pc=0x00000252f0168748 sp=0x00000077778fe200
Event: 88.835 Thread 0x0000025281c791f0 DEOPT UNPACKING pc=0x00000252ef7769a3 sp=0x00000077778fe168 mode 2
Event: 88.836 Thread 0x0000025281c791f0 Uncommon trap: trap_request=0xffffff45 fr.pc=0x00000252efd7dc20 relative=0x0000000000000f00
Event: 88.836 Thread 0x0000025281c791f0 Uncommon trap: reason=unstable_if action=reinterpret pc=0x00000252efd7dc20 method=org.objectweb.asm.MethodWriter.visitJumpInsn(ILorg/objectweb/asm/Label;)V @ 364 c2
Event: 88.836 Thread 0x0000025281c791f0 DEOPT PACKING pc=0x00000252efd7dc20 sp=0x00000077778fe0a0
Event: 88.836 Thread 0x0000025281c791f0 DEOPT UNPACKING pc=0x00000252ef7769a3 sp=0x00000077778fe058 mode 2
Event: 88.836 Thread 0x0000025281c791f0 Uncommon trap: trap_request=0xffffff45 fr.pc=0x00000252eff4d46c relative=0x000000000000082c
Event: 88.836 Thread 0x0000025281c791f0 Uncommon trap: reason=unstable_if action=reinterpret pc=0x00000252eff4d46c method=org.objectweb.asm.MethodWriter.visitVarInsn(II)V @ 148 c2
Event: 88.836 Thread 0x0000025281c791f0 DEOPT PACKING pc=0x00000252eff4d46c sp=0x00000077778fe080
Event: 88.836 Thread 0x0000025281c791f0 DEOPT UNPACKING pc=0x00000252ef7769a3 sp=0x00000077778fe068 mode 2
Event: 88.836 Thread 0x0000025281c791f0 Uncommon trap: trap_request=0xffffff45 fr.pc=0x00000252efd69044 relative=0x0000000000000504
Event: 88.836 Thread 0x0000025281c791f0 Uncommon trap: reason=unstable_if action=reinterpret pc=0x00000252efd69044 method=org.objectweb.asm.MethodWriter.computeMaxStackAndLocal()V @ 38 c2
Event: 88.836 Thread 0x0000025281c791f0 DEOPT PACKING pc=0x00000252efd69044 sp=0x00000077778fe090
Event: 88.836 Thread 0x0000025281c791f0 DEOPT UNPACKING pc=0x00000252ef7769a3 sp=0x00000077778fe018 mode 2

Classes unloaded (5 events):
Event: 63.324 Thread 0x00000252fe2ef6e0 Unloading class 0x00000001006e4968 '_BuildScript_$_run_closure1$_closure2'
Event: 63.324 Thread 0x00000252fe2ef6e0 Unloading class 0x00000001006e4558 '_BuildScript_$_run_closure1'
Event: 63.324 Thread 0x00000252fe2ef6e0 Unloading class 0x00000001006e4000 '_BuildScript_'
Event: 63.324 Thread 0x00000252fe2ef6e0 Unloading class 0x00000001006d0558 '_BuildScript_$_run_closure1'
Event: 63.324 Thread 0x00000252fe2ef6e0 Unloading class 0x00000001006d0000 '_BuildScript_'

Classes redefined (0 events):
No events

Internal exceptions (20 events):
Event: 62.091 Thread 0x0000025281c796c0 Implicit null exception at 0x00000252efefc3c3 to 0x00000252efefc66f
Event: 62.121 Thread 0x0000025280031e50 Exception <a 'sun/nio/fs/WindowsException'{0x000000008772a0c8}> (0x000000008772a0c8) 
thrown [s\src\hotspot\share\prims\jni.cpp, line 517]
Event: 62.142 Thread 0x0000025281c796c0 Exception <a 'sun/nio/fs/WindowsException'{0x0000000087783688}> (0x0000000087783688) 
thrown [s\src\hotspot\share\prims\jni.cpp, line 517]
Event: 62.189 Thread 0x0000025280030b10 Exception <a 'sun/nio/fs/WindowsException'{0x00000000877077d8}> (0x00000000877077d8) 
thrown [s\src\hotspot\share\prims\jni.cpp, line 517]
Event: 62.253 Thread 0x0000025281c791f0 Exception <a 'sun/nio/fs/WindowsException'{0x00000000877b6f30}> (0x00000000877b6f30) 
thrown [s\src\hotspot\share\prims\jni.cpp, line 517]
Event: 62.270 Thread 0x0000025281c791f0 Exception <a 'sun/nio/fs/WindowsException'{0x0000000086683df0}> (0x0000000086683df0) 
thrown [s\src\hotspot\share\prims\jni.cpp, line 517]
Event: 62.271 Thread 0x0000025281c791f0 Exception <a 'sun/nio/fs/WindowsException'{0x0000000086683f80}> (0x0000000086683f80) 
thrown [s\src\hotspot\share\prims\jni.cpp, line 517]
Event: 62.311 Thread 0x0000025280030b10 Exception <a 'sun/nio/fs/WindowsException'{0x000000008610f1d8}> (0x000000008610f1d8) 
thrown [s\src\hotspot\share\prims\jni.cpp, line 517]
Event: 62.312 Thread 0x0000025280030b10 Exception <a 'sun/nio/fs/WindowsException'{0x000000008610f358}> (0x000000008610f358) 
thrown [s\src\hotspot\share\prims\jni.cpp, line 517]
Event: 62.377 Thread 0x0000025280030b10 Exception <a 'sun/nio/fs/WindowsException'{0x0000000086036298}> (0x0000000086036298) 
thrown [s\src\hotspot\share\prims\jni.cpp, line 517]
Event: 62.396 Thread 0x0000025280031e50 Exception <a 'sun/nio/fs/WindowsException'{0x0000000085b7c168}> (0x0000000085b7c168) 
thrown [s\src\hotspot\share\prims\jni.cpp, line 517]
Event: 62.400 Thread 0x0000025280031e50 Exception <a 'sun/nio/fs/WindowsException'{0x0000000085b7c318}> (0x0000000085b7c318) 
thrown [s\src\hotspot\share\prims\jni.cpp, line 517]
Event: 62.457 Thread 0x0000025280031e50 Exception <a 'sun/nio/fs/WindowsException'{0x0000000089f014a8}> (0x0000000089f014a8) 
thrown [s\src\hotspot\share\prims\jni.cpp, line 517]
Event: 62.832 Thread 0x0000025281c791f0 Exception <a 'sun/nio/fs/WindowsException'{0x0000000087922d78}> (0x0000000087922d78) 
thrown [s\src\hotspot\share\prims\jni.cpp, line 517]
Event: 63.211 Thread 0x0000025280031e50 Exception <a 'sun/nio/fs/WindowsException'{0x0000000088544828}> (0x0000000088544828) 
thrown [s\src\hotspot\share\prims\jni.cpp, line 517]
Event: 63.625 Thread 0x0000025280031e50 Exception <a 'sun/nio/fs/WindowsException'{0x00000000885449d0}> (0x00000000885449d0) 
thrown [s\src\hotspot\share\prims\jni.cpp, line 517]
Event: 63.661 Thread 0x0000025280030b10 Exception <a 'sun/nio/fs/WindowsException'{0x0000000086799f10}> (0x0000000086799f10) 
thrown [s\src\hotspot\share\prims\jni.cpp, line 517]
Event: 63.706 Thread 0x0000025280030b10 Exception <a 'sun/nio/fs/WindowsException'{0x000000008679a068}> (0x000000008679a068) 
thrown [s\src\hotspot\share\prims\jni.cpp, line 517]
Event: 65.643 Thread 0x0000025281c796c0 Exception <a 'sun/nio/fs/WindowsException'{0x0000000086ee5328}> (0x0000000086ee5328) 
thrown [s\src\hotspot\share\prims\jni.cpp, line 517]
Event: 65.758 Thread 0x0000025281c796c0 Exception <a 'sun/nio/fs/WindowsException'{0x0000000086ee54b8}> (0x0000000086ee54b8) 
thrown [s\src\hotspot\share\prims\jni.cpp, line 517]

VM Operations (20 events):
Event: 80.335 Executing VM operation: Cleanup
Event: 80.357 Executing VM operation: Cleanup done
Event: 82.378 Executing VM operation: Cleanup
Event: 82.530 Executing VM operation: Cleanup done
Event: 82.535 Executing VM operation: G1CollectForAllocation
Event: 82.711 Executing VM operation: G1CollectForAllocation done
Event: 82.916 Executing VM operation: G1CollectForAllocation
Event: 82.923 Executing VM operation: G1CollectForAllocation done
Event: 84.939 Executing VM operation: Cleanup
Event: 84.957 Executing VM operation: Cleanup done
Event: 85.578 Executing VM operation: G1CollectForAllocation
Event: 85.582 Executing VM operation: G1CollectForAllocation done
Event: 87.295 Executing VM operation: G1CollectForAllocation
Event: 87.300 Executing VM operation: G1CollectForAllocation done
Event: 88.313 Executing VM operation: Cleanup
Event: 88.313 Executing VM operation: Cleanup done
Event: 88.740 Executing VM operation: G1CollectForAllocation
Event: 88.746 Executing VM operation: G1CollectForAllocation done
Event: 88.835 Executing VM operation: HandshakeAllThreads
Event: 88.835 Executing VM operation: HandshakeAllThreads done

Events (20 events):
Event: 58.552 loading class java/security/PermissionsEnumerator
Event: 58.553 loading class java/security/PermissionsEnumerator done
Event: 58.583 loading class java/util/stream/ReduceOps$5
Event: 58.584 loading class java/util/stream/ReduceOps$5 done
Event: 58.584 loading class java/util/stream/ReduceOps$CountingSink$OfRef
Event: 58.584 loading class java/util/stream/ReduceOps$CountingSink$OfRef done
Event: 58.618 loading class jdk/internal/vm/annotation/Stable
Event: 58.618 loading class jdk/internal/vm/annotation/Stable done
Event: 58.645 loading class jdk/internal/math/FDBigInteger
Event: 58.646 loading class jdk/internal/math/FDBigInteger done
Event: 58.650 loading class sun/nio/cs/ISO_8859_1$Encoder
Event: 58.651 loading class sun/nio/cs/ISO_8859_1$Encoder done
Event: 58.653 loading class sun/nio/cs/Surrogate$Parser
Event: 58.653 loading class sun/nio/cs/Surrogate$Parser done
Event: 58.653 loading class sun/nio/cs/Surrogate
Event: 58.653 loading class sun/nio/cs/Surrogate done
Event: 72.477 Thread 0x0000025280033660 Thread exited: 0x0000025280033660
Event: 82.073 Thread 0x0000025281c77eb0 Thread added: 0x0000025281c77eb0
Event: 88.851 Thread 0x00000252feca5a80 flushing nmethod 0x00000252e8a84590
Event: 88.851 Thread 0x00000252feca5a80 flushing nmethod 0x00000252e8a9d190


Dynamic libraries:
0x00007ff62bd50000 - 0x00007ff62bd5a000 	C:\Program Files\Android\Android Studio1\jbr\bin\java.exe
0x00007ff8cf520000 - 0x00007ff8cf72f000 	C:\WINDOWS\SYSTEM32\ntdll.dll
0x00007ff8cf020000 - 0x00007ff8cf0dd000 	C:\WINDOWS\System32\KERNEL32.DLL
0x00007ff8ccb70000 - 0x00007ff8ccf04000 	C:\WINDOWS\System32\KERNELBASE.dll
0x00007ff8cca20000 - 0x00007ff8ccb31000 	C:\WINDOWS\System32\ucrtbase.dll
0x00007ff87a920000 - 0x00007ff87a937000 	C:\Program Files\Android\Android Studio1\jbr\bin\jli.dll
0x00007ff8ce950000 - 0x00007ff8ceafa000 	C:\WINDOWS\System32\USER32.dll
0x00007ff8ccb40000 - 0x00007ff8ccb66000 	C:\WINDOWS\System32\win32u.dll
0x00007ff8cdc80000 - 0x00007ff8cdca9000 	C:\WINDOWS\System32\GDI32.dll
0x00007ff8cd070000 - 0x00007ff8cd187000 	C:\WINDOWS\System32\gdi32full.dll
0x00007ff8ccf10000 - 0x00007ff8ccfaa000 	C:\WINDOWS\System32\msvcp_win.dll
0x00007ff8c9410000 - 0x00007ff8c942b000 	C:\Program Files\Android\Android Studio1\jbr\bin\VCRUNTIME140.dll
0x00007ff8be280000 - 0x00007ff8be521000 	C:\WINDOWS\WinSxS\amd64_microsoft.windows.common-controls_6595b64144ccf1df_6.0.22543.1000_none_25f07d7fa9409c95\COMCTL32.dll
0x00007ff8ce890000 - 0x00007ff8ce934000 	C:\WINDOWS\System32\msvcrt.dll
0x00007ff8cebb0000 - 0x00007ff8cebe1000 	C:\WINDOWS\System32\IMM32.DLL
0x00007ff8c9470000 - 0x00007ff8c947c000 	C:\Program Files\Android\Android Studio1\jbr\bin\vcruntime140_1.dll
0x00007ff898580000 - 0x00007ff89860d000 	C:\Program Files\Android\Android Studio1\jbr\bin\msvcp140.dll
0x00007ff8630f0000 - 0x00007ff863d5e000 	C:\Program Files\Android\Android Studio1\jbr\bin\server\jvm.dll
0x00007ff8ceb00000 - 0x00007ff8cebae000 	C:\WINDOWS\System32\ADVAPI32.dll
0x00007ff8cdcc0000 - 0x00007ff8cdd65000 	C:\WINDOWS\System32\sechost.dll
0x00007ff8cf0f0000 - 0x00007ff8cf20f000 	C:\WINDOWS\System32\RPCRT4.dll
0x00007ff8b3060000 - 0x00007ff8b3069000 	C:\WINDOWS\SYSTEM32\WSOCK32.dll
0x00007ff8cdb80000 - 0x00007ff8cdbf1000 	C:\WINDOWS\System32\WS2_32.dll
0x00007ff8c5070000 - 0x00007ff8c50a4000 	C:\WINDOWS\SYSTEM32\WINMM.dll
0x00007ff8c4a20000 - 0x00007ff8c4a2a000 	C:\WINDOWS\SYSTEM32\VERSION.dll
0x00007ff8cb9e0000 - 0x00007ff8cb9f7000 	C:\WINDOWS\SYSTEM32\kernel.appcore.dll
0x00007ff8bd690000 - 0x00007ff8bd69a000 	C:\Program Files\Android\Android Studio1\jbr\bin\jimage.dll
0x00007ff8ca4d0000 - 0x00007ff8ca6f4000 	C:\WINDOWS\SYSTEM32\DBGHELP.DLL
0x00007ff8ce320000 - 0x00007ff8ce691000 	C:\WINDOWS\System32\combase.dll
0x00007ff8ce7b0000 - 0x00007ff8ce887000 	C:\WINDOWS\System32\OLEAUT32.dll
0x00007ff8b7610000 - 0x00007ff8b7641000 	C:\WINDOWS\SYSTEM32\dbgcore.DLL
0x00007ff8cc9a0000 - 0x00007ff8cca1b000 	C:\WINDOWS\System32\bcryptPrimitives.dll
0x00007ff897790000 - 0x00007ff8977b5000 	C:\Program Files\Android\Android Studio1\jbr\bin\java.dll
0x00007ff894450000 - 0x00007ff894468000 	C:\Program Files\Android\Android Studio1\jbr\bin\zip.dll
0x00007ff8cd360000 - 0x00007ff8cdb1d000 	C:\WINDOWS\System32\SHELL32.dll
0x00007ff8caa00000 - 0x00007ff8cb259000 	C:\WINDOWS\SYSTEM32\windows.storage.dll
0x00007ff8ca8c0000 - 0x00007ff8ca9fc000 	C:\WINDOWS\SYSTEM32\wintypes.dll
0x00007ff8cec70000 - 0x00007ff8ced61000 	C:\WINDOWS\System32\SHCORE.dll
0x00007ff8cebf0000 - 0x00007ff8cec4b000 	C:\WINDOWS\System32\shlwapi.dll
0x00007ff8cc8d0000 - 0x00007ff8cc8f1000 	C:\WINDOWS\SYSTEM32\profapi.dll
0x00007ff894430000 - 0x00007ff894449000 	C:\Program Files\Android\Android Studio1\jbr\bin\net.dll
0x00007ff8c4cf0000 - 0x00007ff8c4e01000 	C:\WINDOWS\SYSTEM32\WINHTTP.dll
0x00007ff8cbea0000 - 0x00007ff8cbf09000 	C:\WINDOWS\system32\mswsock.dll
0x00007ff891990000 - 0x00007ff8919a6000 	C:\Program Files\Android\Android Studio1\jbr\bin\nio.dll
0x00007ff8bd470000 - 0x00007ff8bd480000 	C:\Program Files\Android\Android Studio1\jbr\bin\verify.dll
0x00007ff8b55c0000 - 0x00007ff8b55e7000 	C:\Users\wilda\native\e1d6ef7f7dcc3fd88c89a11ec53ec762bb8ba0a96d01ffa2cd45eb1d1d8dd5c5\windows-amd64\native-platform.dll
0x00007ff87d280000 - 0x00007ff87d3c4000 	C:\Users\wilda\native\0d407fdbe67a94daf76414ababcb853783967236a71b16ec16e742cd7a986fd3\windows-amd64\native-platform-file-events.dll
0x00007ff8bb460000 - 0x00007ff8bb469000 	C:\Program Files\Android\Android Studio1\jbr\bin\management.dll
0x00007ff8b9b90000 - 0x00007ff8b9b9b000 	C:\Program Files\Android\Android Studio1\jbr\bin\management_ext.dll
0x00007ff8cdc70000 - 0x00007ff8cdc78000 	C:\WINDOWS\System32\PSAPI.DLL
0x00007ff8cc0f0000 - 0x00007ff8cc10c000 	C:\WINDOWS\SYSTEM32\CRYPTSP.dll
0x00007ff8cb940000 - 0x00007ff8cb975000 	C:\WINDOWS\system32\rsaenh.dll
0x00007ff8cbfa0000 - 0x00007ff8cbfc7000 	C:\WINDOWS\SYSTEM32\USERENV.dll
0x00007ff8cc280000 - 0x00007ff8cc2a8000 	C:\WINDOWS\SYSTEM32\bcrypt.dll
0x00007ff8cc110000 - 0x00007ff8cc11c000 	C:\WINDOWS\SYSTEM32\CRYPTBASE.dll
0x00007ff8cb4a0000 - 0x00007ff8cb4cd000 	C:\WINDOWS\SYSTEM32\IPHLPAPI.DLL
0x00007ff8ce940000 - 0x00007ff8ce949000 	C:\WINDOWS\System32\NSI.dll
0x00007ff8c4cd0000 - 0x00007ff8c4ce9000 	C:\WINDOWS\SYSTEM32\dhcpcsvc6.DLL
0x00007ff8c4cb0000 - 0x00007ff8c4ccf000 	C:\WINDOWS\SYSTEM32\dhcpcsvc.DLL
0x00007ff8cb4d0000 - 0x00007ff8cb5c6000 	C:\WINDOWS\SYSTEM32\DNSAPI.dll
0x00007ff8b77c0000 - 0x00007ff8b77c8000 	C:\WINDOWS\system32\wshunix.dll

dbghelp: loaded successfully - version: 4.0.5 - missing functions: none
symbol engine: initialized successfully - sym options: 0x614 - pdb path: .;C:\Program Files\Android\Android Studio1\jbr\bin;C:\WINDOWS\SYSTEM32;C:\WINDOWS\WinSxS\amd64_microsoft.windows.common-controls_6595b64144ccf1df_6.0.22543.1000_none_25f07d7fa9409c95;C:\Program Files\Android\Android Studio1\jbr\bin\server;C:\Users\wilda\native\e1d6ef7f7dcc3fd88c89a11ec53ec762bb8ba0a96d01ffa2cd45eb1d1d8dd5c5\windows-amd64;C:\Users\wilda\native\0d407fdbe67a94daf76414ababcb853783967236a71b16ec16e742cd7a986fd3\windows-amd64

VM Arguments:
jvm_args: --add-opens=java.base/java.util=ALL-UNNAMED --add-opens=java.base/java.lang=ALL-UNNAMED --add-opens=java.base/java.lang.invoke=ALL-UNNAMED --add-opens=java.base/java.util=ALL-UNNAMED --add-opens=java.prefs/java.util.prefs=ALL-UNNAMED --add-opens=java.prefs/java.util.prefs=ALL-UNNAMED --add-opens=java.base/java.nio.charset=ALL-UNNAMED --add-opens=java.base/java.net=ALL-UNNAMED --add-opens=java.base/java.util.concurrent.atomic=ALL-UNNAMED -Xmx2048m -Dfile.encoding=UTF-8 -Duser.country=ID -Duser.language=en -Duser.variant 
java_command: org.gradle.launcher.daemon.bootstrap.GradleDaemon 7.5
java_class_path (initial): C:\Users\wilda\wrapper\dists\gradle-7.5-bin\f1w0cc9nuo0eivz97x2xlu9sv\gradle-7.5\lib\gradle-launcher-7.5.jar
Launcher Type: SUN_STANDARD

[Global flags]
     intx CICompilerCount                          = 3                                         {product} {ergonomic}
     uint ConcGCThreads                            = 1                                         {product} {ergonomic}
     uint G1ConcRefinementThreads                  = 4                                         {product} {ergonomic}
   size_t G1HeapRegionSize                         = 1048576                                   {product} {ergonomic}
    uintx GCDrainStackTargetSize                   = 64                                        {product} {ergonomic}
   size_t InitialHeapSize                          = 167772160                                 {product} {ergonomic}
   size_t MarkStackSize                            = 4194304                                   {product} {ergonomic}
   size_t MaxHeapSize                              = 2147483648                                {product} {command line}
   size_t MaxNewSize                               = 1287651328                                {product} {ergonomic}
   size_t MinHeapDeltaBytes                        = 1048576                                   {product} {ergonomic}
   size_t MinHeapSize                              = 8388608                                   {product} {ergonomic}
    uintx NonNMethodCodeHeapSize                   = 5832780                                {pd product} {ergonomic}
    uintx NonProfiledCodeHeapSize                  = 122912730                              {pd product} {ergonomic}
    uintx ProfiledCodeHeapSize                     = 122912730                              {pd product} {ergonomic}
    uintx ReservedCodeCacheSize                    = 251658240                              {pd product} {ergonomic}
     bool SegmentedCodeCache                       = true                                      {product} {ergonomic}
   size_t SoftMaxHeapSize                          = 2147483648                             {manageable} {ergonomic}
     bool UseCompressedClassPointers               = true                           {product lp64_product} {ergonomic}
     bool UseCompressedOops                        = true                           {product lp64_product} {ergonomic}
     bool UseG1GC                                  = true                                      {product} {ergonomic}
     bool UseLargePagesIndividualAllocation        = false                                  {pd product} {ergonomic}

Logging:
Log output configuration:
 #0: stdout all=warning uptime,level,tags
 #1: stderr all=off uptime,level,tags

Environment Variables:
JAVA_HOME=C:\Users\wilda\AppData\Local\jdk-19.0.2
PATH=C:\Program Files (x86)\VMware\VMware Workstation\bin\;C:\Program Files (x86)\Common Files\Oracle\Java\javapath;C:\WINDOWS\system32;C:\WINDOWS;C:\WINDOWS\System32\Wbem;C:\WINDOWS\System32\WindowsPowerShell\v1.0\;C:\WINDOWS\System32\OpenSSH\;C:\ProgramData\chocolatey\bin;C:\Program Files\PuTTY\;C:\Program Files\Git\cmd;C:\Program Files\Docker\Docker\resources\bin;C:\ProgramData\DockerDesktop\version-bin;C:\Program Files\PowerShell\7\;C:\Program Files\nodejs\;C:\Users\wilda\AppData\Local\jdk-19.0.2;C:\Program Files (x86)\NoteBook FanControl\;C:\Users\wilda\AppData\Local\Programs\Python\Python38\;C:\Users\wilda\AppData\Local\Programs\Python\Python310\Scripts\;C:\Users\wilda\AppData\Local\Programs\Python\Python310\;C:\Users\wilda\AppData\Local\Programs\Python\Python39\Scripts\;C:\Users\wilda\AppData\Local\Programs\Python\Python39\;C:\Users\wilda\AppData\Local\Microsoft\WindowsApps;C:\Program Files\heroku\bin;C:\Program Files (x86)\Nmap;C:\Users\wilda\AppData\Local\Programs\Microsoft VS Code\bin;C:\Users\wilda\AppData\Roaming\npm;C:\Program Files\JetBrains\PyCharm 2023.1.3\bin;;C:\Users\wilda\flutter_windows_3.7.12-stable\flutter\bin;C:\tools\dart-sdk\bin;C:\Users\wilda\AppData\Roaming\Pub\Cache\bin;C:\Users\wilda\AppData\Local\Android\Sdk\tools\bin;C:\Users\wilda\AppData\Local\Gradle\gradle-8.0.2\bin;C:\Users\wilda\AppData\Local\jdk-19.0.2\bin;C:\Program Files\Java\jdk1.8.0_271\bin;C:\Users\wilda\dart-sdk\bin;C:\Program Files\JetBrains\PyCharm Community Edition 2023.2.1\bin;;;C:\Program Files\JetBrains\IntelliJ IDEA Community Edition 2023.2.1\bin;
USERNAME=wildanassyidiq142
OS=Windows_NT
PROCESSOR_IDENTIFIER=AMD64 Family 23 Model 24 Stepping 1, AuthenticAMD
TMP=C:\Users\wilda\AppData\Local\Temp
TEMP=C:\Users\wilda\AppData\Local\Temp


JNI global refs:
JNI global refs: 24, weak refs: 3

JNI global refs memory usage: 843, weak refs: 841


---------------  S Y S T E M  ---------------

OS:
 Windows 11 , 64 bit Build 22543 (10.0.22543.1000)
OS uptime: 2 days 6:16 hours
Hyper-V role detected

CPU: total 4 (initial active 4) (4 cores per cpu, 2 threads per core) family 23 model 24 stepping 1 microcode 0x0, cx8, cmov, fxsr, ht, mmx, 3dnowpref, sse, sse2, sse3, ssse3, sse4a, sse4.1, sse4.2, popcnt, lzcnt, tsc, tscinvbit, avx, avx2, aes, clmul, bmi1, bmi2, adx, sha, fma, vzeroupper, clflush, clflushopt, hv

Memory: 4k page, system-wide physical 10177M (149M free)
TotalPageFile size 13177M (AvailPageFile size 0M)
current process WorkingSet (physical memory assigned to process): 395M, peak: 422M
current process commit charge ("private bytes"): 426M, peak: 481M

vm_info: OpenJDK 64-Bit Server VM (17.0.6+0-b2043.56-10027231) for windows-amd64 JRE (17.0.6+0-b2043.56-10027231), built on Apr 28 2023 00:43:19 by "androidbuild" with MS VC++ 16.10 / 16.11 (VS2019)

END.
